<?xml version="1.0" encoding="UTF-8"?>
<!-- Generated by org.testng.reporters.JUnitReportReporter -->
<testsuite hostname="IBM-C3MH3F3" failures="0" tests="1" name="tools.Testing" time="18.450" errors="0" timestamp="2023-01-11T17:35:43 IST" skipped="0">
  <testcase classname="tools.Testing" name="testing" time="18.450"/>
  <system-out/>
</testsuite> <!-- tools.Testing -->
